# JRE version: Java(TM) SE Runtime Environment (8.0_202-b08) (build 1.8.0_202-b08)
# Java VM: Java HotSpot(TM) 64-Bit Server VM (25.202-b08 mixed mode windows-amd64 compressed oops)
Heap:
 PSYoungGen      total 52224K, used 18640K [0x00000000d7300000, 0x00000000e1180000, 0x0000000100000000)
  eden space 47104K, 28% used [0x00000000d7300000,0x00000000d8039de8,0x00000000da100000)
  from space 5120K, 99% used [0x00000000da100000,0x00000000da5fa4e8,0x00000000da600000)
  to   space 49664K, 0% used [0x00000000de100000,0x00000000de100000,0x00000000e1180000)
 ParOldGen       total 104960K, used 43415K [0x0000000085800000, 0x000000008be80000, 0x00000000d7300000)
  object space 104960K, 41% used [0x0000000085800000,0x0000000088265f00,0x000000008be80000)
 Metaspace       used 27789K, capacity 28734K, committed 28928K, reserved 1075200K
  class space    used 3499K, capacity 3754K, committed 3840K, reserved 1048576K
GC Heap History (10 events):
Event: 2.325 GC heap before
{Heap before GC invocations=2 (full 0):
 PSYoungGen      total 36864K, used 36838K [0x00000000d7300000, 0x00000000d9c00000, 0x0000000100000000)
  eden space 31744K, 100% used [0x00000000d7300000,0x00000000d9200000,0x00000000d9200000)
  from space 5120K, 99% used [0x00000000d9200000,0x00000000d96f9820,0x00000000d9700000)
  to   space 5120K, 0% used [0x00000000d9700000,0x00000000d9700000,0x00000000d9c00000)
 ParOldGen       total 84992K, used 15994K [0x0000000085800000, 0x000000008ab00000, 0x00000000d7300000)
  object space 84992K, 18% used [0x0000000085800000,0x000000008679e8b0,0x000000008ab00000)
 Metaspace       used 20547K, capacity 21132K, committed 21248K, reserved 1067008K
  class space    used 2567K, capacity 2737K, committed 2816K, reserved 1048576K
Event: 2.348 GC heap after
Heap after GC invocations=2 (full 0):
 PSYoungGen      total 36864K, used 5102K [0x00000000d7300000, 0x00000000dbb00000, 0x0000000100000000)
  eden space 31744K, 0% used [0x00000000d7300000,0x00000000d7300000,0x00000000d9200000)
  from space 5120K, 99% used [0x00000000d9700000,0x00000000d9bfb8b8,0x00000000d9c00000)
  to   space 5120K, 0% used [0x00000000d9200000,0x00000000d9200000,0x00000000d9700000)
 ParOldGen       total 84992K, used 51649K [0x0000000085800000, 0x000000008ab00000, 0x00000000d7300000)
  object space 84992K, 60% used [0x0000000085800000,0x0000000088a707c0,0x000000008ab00000)
 Metaspace       used 20547K, capacity 21132K, committed 21248K, reserved 1067008K
  class space    used 2567K, capacity 2737K, committed 2816K, reserved 1048576K
}
Event: 2.348 GC heap before
{Heap before GC invocations=3 (full 1):
 PSYoungGen      total 36864K, used 5102K [0x00000000d7300000, 0x00000000dbb00000, 0x0000000100000000)
  eden space 31744K, 0% used [0x00000000d7300000,0x00000000d7300000,0x00000000d9200000)
  from space 5120K, 99% used [0x00000000d9700000,0x00000000d9bfb8b8,0x00000000d9c00000)
  to   space 5120K, 0% used [0x00000000d9200000,0x00000000d9200000,0x00000000d9700000)
 ParOldGen       total 84992K, used 51649K [0x0000000085800000, 0x000000008ab00000, 0x00000000d7300000)
  object space 84992K, 60% used [0x0000000085800000,0x0000000088a707c0,0x000000008ab00000)
 Metaspace       used 20547K, capacity 21132K, committed 21248K, reserved 1067008K
  class space    used 2567K, capacity 2737K, committed 2816K, reserved 1048576K
Event: 2.369 GC heap after
Heap after GC invocations=3 (full 1):
 PSYoungGen      total 36864K, used 0K [0x00000000d7300000, 0x00000000dbb00000, 0x0000000100000000)
  eden space 31744K, 0% used [0x00000000d7300000,0x00000000d7300000,0x00000000d9200000)
  from space 5120K, 0% used [0x00000000d9700000,0x00000000d9700000,0x00000000d9c00000)
  to   space 5120K, 0% used [0x00000000d9200000,0x00000000d9200000,0x00000000d9700000)
 ParOldGen       total 104960K, used 18519K [0x0000000085800000, 0x000000008be80000, 0x00000000d7300000)
  object space 104960K, 17% used [0x0000000085800000,0x0000000086a15e38,0x000000008be80000)
 Metaspace       used 20547K, capacity 21132K, committed 21248K, reserved 1067008K
  class space    used 2567K, capacity 2737K, committed 2816K, reserved 1048576K
}
Event: 8.950 GC heap before
{Heap before GC invocations=4 (full 1):
 PSYoungGen      total 36864K, used 31744K [0x00000000d7300000, 0x00000000dbb00000, 0x0000000100000000)
  eden space 31744K, 100% used [0x00000000d7300000,0x00000000d9200000,0x00000000d9200000)
  from space 5120K, 0% used [0x00000000d9700000,0x00000000d9700000,0x00000000d9c00000)
  to   space 5120K, 0% used [0x00000000d9200000,0x00000000d9200000,0x00000000d9700000)
 ParOldGen       total 104960K, used 18519K [0x0000000085800000, 0x000000008be80000, 0x00000000d7300000)
  object space 104960K, 17% used [0x0000000085800000,0x0000000086a15e38,0x000000008be80000)
 Metaspace       used 23399K, capacity 24106K, committed 24448K, reserved 1071104K
  class space    used 2882K, capacity 3082K, committed 3200K, reserved 1048576K
Event: 8.953 GC heap after
Heap after GC invocations=4 (full 1):
 PSYoungGen      total 36864K, used 3450K [0x00000000d7300000, 0x00000000dab00000, 0x0000000100000000)
  eden space 31744K, 0% used [0x00000000d7300000,0x00000000d7300000,0x00000000d9200000)
  from space 5120K, 67% used [0x00000000d9200000,0x00000000d955e840,0x00000000d9700000)
  to   space 5120K, 0% used [0x00000000da600000,0x00000000da600000,0x00000000dab00000)
 ParOldGen       total 104960K, used 18527K [0x0000000085800000, 0x000000008be80000, 0x00000000d7300000)
  object space 104960K, 17% used [0x0000000085800000,0x0000000086a17e38,0x000000008be80000)
 Metaspace       used 23399K, capacity 24106K, committed 24448K, reserved 1071104K
  class space    used 2882K, capacity 3082K, committed 3200K, reserved 1048576K
}
Event: 14.084 GC heap before
{Heap before GC invocations=5 (full 1):
 PSYoungGen      total 36864K, used 35194K [0x00000000d7300000, 0x00000000dab00000, 0x0000000100000000)
  eden space 31744K, 100% used [0x00000000d7300000,0x00000000d9200000,0x00000000d9200000)
  from space 5120K, 67% used [0x00000000d9200000,0x00000000d955e840,0x00000000d9700000)
  to   space 5120K, 0% used [0x00000000da600000,0x00000000da600000,0x00000000dab00000)
 ParOldGen       total 104960K, used 18527K [0x0000000085800000, 0x000000008be80000, 0x00000000d7300000)
  object space 104960K, 17% used [0x0000000085800000,0x0000000086a17e38,0x000000008be80000)
 Metaspace       used 27026K, capacity 27868K, committed 28032K, reserved 1073152K
  class space    used 3417K, capacity 3645K, committed 3712K, reserved 1048576K
Event: 14.089 GC heap after
Heap after GC invocations=5 (full 1):
 PSYoungGen      total 50688K, used 5113K [0x00000000d7300000, 0x00000000dab00000, 0x0000000100000000)
  eden space 45568K, 0% used [0x00000000d7300000,0x00000000d7300000,0x00000000d9f80000)
  from space 5120K, 99% used [0x00000000da600000,0x00000000daafe4d8,0x00000000dab00000)
  to   space 5120K, 0% used [0x00000000da100000,0x00000000da100000,0x00000000da600000)
 ParOldGen       total 104960K, used 43281K [0x0000000085800000, 0x000000008be80000, 0x00000000d7300000)
  object space 104960K, 41% used [0x0000000085800000,0x00000000882447c0,0x000000008be80000)
 Metaspace       used 27026K, capacity 27868K, committed 28032K, reserved 1073152K
  class space    used 3417K, capacity 3645K, committed 3712K, reserved 1048576K
}
Event: 15.966 GC heap before
{Heap before GC invocations=6 (full 1):
 PSYoungGen      total 50688K, used 46466K [0x00000000d7300000, 0x00000000dab00000, 0x0000000100000000)
  eden space 45568K, 90% used [0x00000000d7300000,0x00000000d9b62390,0x00000000d9f80000)
  from space 5120K, 99% used [0x00000000da600000,0x00000000daafe4d8,0x00000000dab00000)
  to   space 5120K, 0% used [0x00000000da100000,0x00000000da100000,0x00000000da600000)
 ParOldGen       total 104960K, used 43281K [0x0000000085800000, 0x000000008be80000, 0x00000000d7300000)
  object space 104960K, 41% used [0x0000000085800000,0x00000000882447c0,0x000000008be80000)
 Metaspace       used 27304K, capacity 28078K, committed 28288K, reserved 1073152K
  class space    used 3447K, capacity 3648K, committed 3712K, reserved 1048576K
Event: 15.970 GC heap after
Heap after GC invocations=6 (full 1):
 PSYoungGen      total 52224K, used 5097K [0x00000000d7300000, 0x00000000e1180000, 0x0000000100000000)
  eden space 47104K, 0% used [0x00000000d7300000,0x00000000d7300000,0x00000000da100000)
  from space 5120K, 99% used [0x00000000da100000,0x00000000da5fa4e8,0x00000000da600000)
  to   space 49664K, 0% used [0x00000000de100000,0x00000000de100000,0x00000000e1180000)
 ParOldGen       total 104960K, used 43415K [0x0000000085800000, 0x000000008be80000, 0x00000000d7300000)
  object space 104960K, 41% used [0x0000000085800000,0x0000000088265f00,0x000000008be80000)
 Metaspace       used 27304K, capacity 28078K, committed 28288K, reserved 1073152K
  class space    used 3447K, capacity 3648K, committed 3712K, reserved 1048576K
}

