# JRE version: Java(TM) SE Runtime Environment (8.0_202-b08) (build 1.8.0_202-b08)
# Java VM: Java HotSpot(TM) 64-Bit Server VM (25.202-b08 mixed mode windows-amd64 compressed oops)
Heap:
 PSYoungGen      total 47104K, used 21293K [0x00000000d7300000, 0x00000000e0500000, 0x0000000100000000)
  eden space 41984K, 38% used [0x00000000d7300000,0x00000000d82cdde0,0x00000000d9c00000)
  from space 5120K, 99% used [0x00000000d9c00000,0x00000000da0fd640,0x00000000da100000)
  to   space 49152K, 0% used [0x00000000dd500000,0x00000000dd500000,0x00000000e0500000)
 ParOldGen       total 111104K, used 45425K [0x0000000085800000, 0x000000008c480000, 0x00000000d7300000)
  object space 111104K, 40% used [0x0000000085800000,0x000000008845c728,0x000000008c480000)
 Metaspace       used 27833K, capacity 28734K, committed 28928K, reserved 1075200K
  class space    used 3502K, capacity 3754K, committed 3840K, reserved 1048576K
GC Heap History (10 events):
Event: 2.141 GC heap before
{Heap before GC invocations=2 (full 0):
 PSYoungGen      total 36864K, used 36835K [0x00000000d7300000, 0x00000000d9c00000, 0x0000000100000000)
  eden space 31744K, 100% used [0x00000000d7300000,0x00000000d9200000,0x00000000d9200000)
  from space 5120K, 99% used [0x00000000d9200000,0x00000000d96f8c48,0x00000000d9700000)
  to   space 5120K, 0% used [0x00000000d9700000,0x00000000d9700000,0x00000000d9c00000)
 ParOldGen       total 84992K, used 15668K [0x0000000085800000, 0x000000008ab00000, 0x00000000d7300000)
  object space 84992K, 18% used [0x0000000085800000,0x000000008674d028,0x000000008ab00000)
 Metaspace       used 20541K, capacity 21132K, committed 21248K, reserved 1067008K
  class space    used 2565K, capacity 2737K, committed 2816K, reserved 1048576K
Event: 2.151 GC heap after
Heap after GC invocations=2 (full 0):
 PSYoungGen      total 36864K, used 5097K [0x00000000d7300000, 0x00000000d9c00000, 0x0000000100000000)
  eden space 31744K, 0% used [0x00000000d7300000,0x00000000d7300000,0x00000000d9200000)
  from space 5120K, 99% used [0x00000000d9700000,0x00000000d9bfa798,0x00000000d9c00000)
  to   space 5120K, 0% used [0x00000000d9200000,0x00000000d9200000,0x00000000d9700000)
 ParOldGen       total 84992K, used 51356K [0x0000000085800000, 0x000000008ab00000, 0x00000000d7300000)
  object space 84992K, 60% used [0x0000000085800000,0x0000000088a273f0,0x000000008ab00000)
 Metaspace       used 20541K, capacity 21132K, committed 21248K, reserved 1067008K
  class space    used 2565K, capacity 2737K, committed 2816K, reserved 1048576K
}
Event: 2.151 GC heap before
{Heap before GC invocations=3 (full 1):
 PSYoungGen      total 36864K, used 5097K [0x00000000d7300000, 0x00000000d9c00000, 0x0000000100000000)
  eden space 31744K, 0% used [0x00000000d7300000,0x00000000d7300000,0x00000000d9200000)
  from space 5120K, 99% used [0x00000000d9700000,0x00000000d9bfa798,0x00000000d9c00000)
  to   space 5120K, 0% used [0x00000000d9200000,0x00000000d9200000,0x00000000d9700000)
 ParOldGen       total 84992K, used 51356K [0x0000000085800000, 0x000000008ab00000, 0x00000000d7300000)
  object space 84992K, 60% used [0x0000000085800000,0x0000000088a273f0,0x000000008ab00000)
 Metaspace       used 20541K, capacity 21132K, committed 21248K, reserved 1067008K
  class space    used 2565K, capacity 2737K, committed 2816K, reserved 1048576K
Event: 2.174 GC heap after
Heap after GC invocations=3 (full 1):
 PSYoungGen      total 36864K, used 0K [0x00000000d7300000, 0x00000000d9c00000, 0x0000000100000000)
  eden space 31744K, 0% used [0x00000000d7300000,0x00000000d7300000,0x00000000d9200000)
  from space 5120K, 0% used [0x00000000d9700000,0x00000000d9700000,0x00000000d9c00000)
  to   space 5120K, 0% used [0x00000000d9200000,0x00000000d9200000,0x00000000d9700000)
 ParOldGen       total 111104K, used 18521K [0x0000000085800000, 0x000000008c480000, 0x00000000d7300000)
  object space 111104K, 16% used [0x0000000085800000,0x0000000086a16440,0x000000008c480000)
 Metaspace       used 20541K, capacity 21132K, committed 21248K, reserved 1067008K
  class space    used 2565K, capacity 2737K, committed 2816K, reserved 1048576K
}
Event: 6.572 GC heap before
{Heap before GC invocations=4 (full 1):
 PSYoungGen      total 36864K, used 31744K [0x00000000d7300000, 0x00000000d9c00000, 0x0000000100000000)
  eden space 31744K, 100% used [0x00000000d7300000,0x00000000d9200000,0x00000000d9200000)
  from space 5120K, 0% used [0x00000000d9700000,0x00000000d9700000,0x00000000d9c00000)
  to   space 5120K, 0% used [0x00000000d9200000,0x00000000d9200000,0x00000000d9700000)
 ParOldGen       total 111104K, used 18521K [0x0000000085800000, 0x000000008c480000, 0x00000000d7300000)
  object space 111104K, 16% used [0x0000000085800000,0x0000000086a16440,0x000000008c480000)
 Metaspace       used 23225K, capacity 23882K, committed 24064K, reserved 1071104K
  class space    used 2875K, capacity 3050K, committed 3072K, reserved 1048576K
Event: 6.575 GC heap after
Heap after GC invocations=4 (full 1):
 PSYoungGen      total 36864K, used 3456K [0x00000000d7300000, 0x00000000da600000, 0x0000000100000000)
  eden space 31744K, 0% used [0x00000000d7300000,0x00000000d7300000,0x00000000d9200000)
  from space 5120K, 67% used [0x00000000d9200000,0x00000000d95603d0,0x00000000d9700000)
  to   space 5120K, 0% used [0x00000000da100000,0x00000000da100000,0x00000000da600000)
 ParOldGen       total 111104K, used 18529K [0x0000000085800000, 0x000000008c480000, 0x00000000d7300000)
  object space 111104K, 16% used [0x0000000085800000,0x0000000086a18440,0x000000008c480000)
 Metaspace       used 23225K, capacity 23882K, committed 24064K, reserved 1071104K
  class space    used 2875K, capacity 3050K, committed 3072K, reserved 1048576K
}
Event: 9.831 GC heap before
{Heap before GC invocations=5 (full 1):
 PSYoungGen      total 36864K, used 35200K [0x00000000d7300000, 0x00000000da600000, 0x0000000100000000)
  eden space 31744K, 100% used [0x00000000d7300000,0x00000000d9200000,0x00000000d9200000)
  from space 5120K, 67% used [0x00000000d9200000,0x00000000d95603d0,0x00000000d9700000)
  to   space 5120K, 0% used [0x00000000da100000,0x00000000da100000,0x00000000da600000)
 ParOldGen       total 111104K, used 18529K [0x0000000085800000, 0x000000008c480000, 0x00000000d7300000)
  object space 111104K, 16% used [0x0000000085800000,0x0000000086a18440,0x000000008c480000)
 Metaspace       used 27012K, capacity 27868K, committed 28032K, reserved 1073152K
  class space    used 3416K, capacity 3645K, committed 3712K, reserved 1048576K
Event: 9.837 GC heap after
Heap after GC invocations=5 (full 1):
 PSYoungGen      total 45568K, used 5095K [0x00000000d7300000, 0x00000000da600000, 0x0000000100000000)
  eden space 40448K, 0% used [0x00000000d7300000,0x00000000d7300000,0x00000000d9a80000)
  from space 5120K, 99% used [0x00000000da100000,0x00000000da5f9e88,0x00000000da600000)
  to   space 5120K, 0% used [0x00000000d9c00000,0x00000000d9c00000,0x00000000da100000)
 ParOldGen       total 111104K, used 43464K [0x0000000085800000, 0x000000008c480000, 0x00000000d7300000)
  object space 111104K, 39% used [0x0000000085800000,0x00000000882720b8,0x000000008c480000)
 Metaspace       used 27012K, capacity 27868K, committed 28032K, reserved 1073152K
  class space    used 3416K, capacity 3645K, committed 3712K, reserved 1048576K
}
Event: 11.614 GC heap before
{Heap before GC invocations=6 (full 1):
 PSYoungGen      total 45568K, used 45543K [0x00000000d7300000, 0x00000000da600000, 0x0000000100000000)
  eden space 40448K, 100% used [0x00000000d7300000,0x00000000d9a80000,0x00000000d9a80000)
  from space 5120K, 99% used [0x00000000da100000,0x00000000da5f9e88,0x00000000da600000)
  to   space 5120K, 0% used [0x00000000d9c00000,0x00000000d9c00000,0x00000000da100000)
 ParOldGen       total 111104K, used 43464K [0x0000000085800000, 0x000000008c480000, 0x00000000d7300000)
  object space 111104K, 39% used [0x0000000085800000,0x00000000882720b8,0x000000008c480000)
 Metaspace       used 27296K, capacity 28078K, committed 28288K, reserved 1073152K
  class space    used 3446K, capacity 3648K, committed 3712K, reserved 1048576K
Event: 11.619 GC heap after
Heap after GC invocations=6 (full 1):
 PSYoungGen      total 47104K, used 5109K [0x00000000d7300000, 0x00000000e0500000, 0x0000000100000000)
  eden space 41984K, 0% used [0x00000000d7300000,0x00000000d7300000,0x00000000d9c00000)
  from space 5120K, 99% used [0x00000000d9c00000,0x00000000da0fd640,0x00000000da100000)
  to   space 49152K, 0% used [0x00000000dd500000,0x00000000dd500000,0x00000000e0500000)
 ParOldGen       total 111104K, used 45425K [0x0000000085800000, 0x000000008c480000, 0x00000000d7300000)
  object space 111104K, 40% used [0x0000000085800000,0x000000008845c728,0x000000008c480000)
 Metaspace       used 27296K, capacity 28078K, committed 28288K, reserved 1073152K
  class space    used 3446K, capacity 3648K, committed 3712K, reserved 1048576K
}

