# JRE version: Java(TM) SE Runtime Environment (8.0_202-b08) (build 1.8.0_202-b08)
# Java VM: Java HotSpot(TM) 64-Bit Server VM (25.202-b08 mixed mode windows-amd64 compressed oops)
Heap:
 PSYoungGen      total 67072K, used 43622K [0x00000000d7300000, 0x00000000e2580000, 0x0000000100000000)
  eden space 61952K, 62% used [0x00000000d7300000,0x00000000d989bd50,0x00000000daf80000)
  from space 5120K, 99% used [0x00000000daf80000,0x00000000db47de98,0x00000000db480000)
  to   space 36864K, 0% used [0x00000000e0180000,0x00000000e0180000,0x00000000e2580000)
 ParOldGen       total 90624K, used 29658K [0x0000000085800000, 0x000000008b080000, 0x00000000d7300000)
  object space 90624K, 32% used [0x0000000085800000,0x00000000874f6948,0x000000008b080000)
 Metaspace       used 27940K, capacity 28806K, committed 28928K, reserved 1075200K
  class space    used 3511K, capacity 3756K, committed 3840K, reserved 1048576K
GC Heap History (10 events):
Event: 3.289 GC heap before
{Heap before GC invocations=2 (full 0):
 PSYoungGen      total 36864K, used 36840K [0x00000000d7300000, 0x00000000d9c00000, 0x0000000100000000)
  eden space 31744K, 100% used [0x00000000d7300000,0x00000000d9200000,0x00000000d9200000)
  from space 5120K, 99% used [0x00000000d9200000,0x00000000d96fa3f0,0x00000000d9700000)
  to   space 5120K, 0% used [0x00000000d9700000,0x00000000d9700000,0x00000000d9c00000)
 ParOldGen       total 84992K, used 15622K [0x0000000085800000, 0x000000008ab00000, 0x00000000d7300000)
  object space 84992K, 18% used [0x0000000085800000,0x0000000086741950,0x000000008ab00000)
 Metaspace       used 20564K, capacity 21128K, committed 21248K, reserved 1067008K
  class space    used 2574K, capacity 2737K, committed 2816K, reserved 1048576K
Event: 3.299 GC heap after
Heap after GC invocations=2 (full 0):
 PSYoungGen      total 36864K, used 5097K [0x00000000d7300000, 0x00000000d9c00000, 0x0000000100000000)
  eden space 31744K, 0% used [0x00000000d7300000,0x00000000d7300000,0x00000000d9200000)
  from space 5120K, 99% used [0x00000000d9700000,0x00000000d9bfa798,0x00000000d9c00000)
  to   space 5120K, 0% used [0x00000000d9200000,0x00000000d9200000,0x00000000d9700000)
 ParOldGen       total 84992K, used 44678K [0x0000000085800000, 0x000000008ab00000, 0x00000000d7300000)
  object space 84992K, 52% used [0x0000000085800000,0x00000000883a1820,0x000000008ab00000)
 Metaspace       used 20564K, capacity 21128K, committed 21248K, reserved 1067008K
  class space    used 2574K, capacity 2737K, committed 2816K, reserved 1048576K
}
Event: 3.306 GC heap before
{Heap before GC invocations=3 (full 0):
 PSYoungGen      total 36864K, used 5516K [0x00000000d7300000, 0x00000000d9c00000, 0x0000000100000000)
  eden space 31744K, 1% used [0x00000000d7300000,0x00000000d7368888,0x00000000d9200000)
  from space 5120K, 99% used [0x00000000d9700000,0x00000000d9bfa798,0x00000000d9c00000)
  to   space 5120K, 0% used [0x00000000d9200000,0x00000000d9200000,0x00000000d9700000)
 ParOldGen       total 84992K, used 44678K [0x0000000085800000, 0x000000008ab00000, 0x00000000d7300000)
  object space 84992K, 52% used [0x0000000085800000,0x00000000883a1820,0x000000008ab00000)
 Metaspace       used 20619K, capacity 21128K, committed 21248K, reserved 1067008K
  class space    used 2585K, capacity 2737K, committed 2816K, reserved 1048576K
Event: 3.308 GC heap after
Heap after GC invocations=3 (full 0):
 PSYoungGen      total 36864K, used 5102K [0x00000000d7300000, 0x00000000dbb00000, 0x0000000100000000)
  eden space 31744K, 0% used [0x00000000d7300000,0x00000000d7300000,0x00000000d9200000)
  from space 5120K, 99% used [0x00000000d9200000,0x00000000d96fb898,0x00000000d9700000)
  to   space 5120K, 0% used [0x00000000db600000,0x00000000db600000,0x00000000dbb00000)
 ParOldGen       total 84992K, used 44845K [0x0000000085800000, 0x000000008ab00000, 0x00000000d7300000)
  object space 84992K, 52% used [0x0000000085800000,0x00000000883cb600,0x000000008ab00000)
 Metaspace       used 20619K, capacity 21128K, committed 21248K, reserved 1067008K
  class space    used 2585K, capacity 2737K, committed 2816K, reserved 1048576K
}
Event: 3.308 GC heap before
{Heap before GC invocations=4 (full 1):
 PSYoungGen      total 36864K, used 5102K [0x00000000d7300000, 0x00000000dbb00000, 0x0000000100000000)
  eden space 31744K, 0% used [0x00000000d7300000,0x00000000d7300000,0x00000000d9200000)
  from space 5120K, 99% used [0x00000000d9200000,0x00000000d96fb898,0x00000000d9700000)
  to   space 5120K, 0% used [0x00000000db600000,0x00000000db600000,0x00000000dbb00000)
 ParOldGen       total 84992K, used 44845K [0x0000000085800000, 0x000000008ab00000, 0x00000000d7300000)
  object space 84992K, 52% used [0x0000000085800000,0x00000000883cb600,0x000000008ab00000)
 Metaspace       used 20619K, capacity 21128K, committed 21248K, reserved 1067008K
  class space    used 2585K, capacity 2737K, committed 2816K, reserved 1048576K
Event: 3.342 GC heap after
Heap after GC invocations=4 (full 1):
 PSYoungGen      total 36864K, used 0K [0x00000000d7300000, 0x00000000dbb00000, 0x0000000100000000)
  eden space 31744K, 0% used [0x00000000d7300000,0x00000000d7300000,0x00000000d9200000)
  from space 5120K, 0% used [0x00000000d9200000,0x00000000d9200000,0x00000000d9700000)
  to   space 5120K, 0% used [0x00000000db600000,0x00000000db600000,0x00000000dbb00000)
 ParOldGen       total 90624K, used 18578K [0x0000000085800000, 0x000000008b080000, 0x00000000d7300000)
  object space 90624K, 20% used [0x0000000085800000,0x0000000086a24ba8,0x000000008b080000)
 Metaspace       used 20619K, capacity 21128K, committed 21248K, reserved 1067008K
  class space    used 2585K, capacity 2737K, committed 2816K, reserved 1048576K
}
Event: 17.200 GC heap before
{Heap before GC invocations=5 (full 1):
 PSYoungGen      total 36864K, used 31744K [0x00000000d7300000, 0x00000000dbb00000, 0x0000000100000000)
  eden space 31744K, 100% used [0x00000000d7300000,0x00000000d9200000,0x00000000d9200000)
  from space 5120K, 0% used [0x00000000d9200000,0x00000000d9200000,0x00000000d9700000)
  to   space 5120K, 0% used [0x00000000db600000,0x00000000db600000,0x00000000dbb00000)
 ParOldGen       total 90624K, used 18578K [0x0000000085800000, 0x000000008b080000, 0x00000000d7300000)
  object space 90624K, 20% used [0x0000000085800000,0x0000000086a24ba8,0x000000008b080000)
 Metaspace       used 23347K, capacity 24070K, committed 24448K, reserved 1071104K
  class space    used 2888K, capacity 3114K, committed 3200K, reserved 1048576K
Event: 17.204 GC heap after
Heap after GC invocations=5 (full 1):
 PSYoungGen      total 62976K, used 3488K [0x00000000d7300000, 0x00000000db980000, 0x0000000100000000)
  eden space 59392K, 0% used [0x00000000d7300000,0x00000000d7300000,0x00000000dad00000)
  from space 3584K, 97% used [0x00000000db600000,0x00000000db968288,0x00000000db980000)
  to   space 5120K, 0% used [0x00000000daf80000,0x00000000daf80000,0x00000000db480000)
 ParOldGen       total 90624K, used 18586K [0x0000000085800000, 0x000000008b080000, 0x00000000d7300000)
  object space 90624K, 20% used [0x0000000085800000,0x0000000086a26ba8,0x000000008b080000)
 Metaspace       used 23347K, capacity 24070K, committed 24448K, reserved 1071104K
  class space    used 2888K, capacity 3114K, committed 3200K, reserved 1048576K
}
Event: 21.800 GC heap before
{Heap before GC invocations=6 (full 1):
 PSYoungGen      total 62976K, used 62880K [0x00000000d7300000, 0x00000000db980000, 0x0000000100000000)
  eden space 59392K, 100% used [0x00000000d7300000,0x00000000dad00000,0x00000000dad00000)
  from space 3584K, 97% used [0x00000000db600000,0x00000000db968288,0x00000000db980000)
  to   space 5120K, 0% used [0x00000000daf80000,0x00000000daf80000,0x00000000db480000)
 ParOldGen       total 90624K, used 18586K [0x0000000085800000, 0x000000008b080000, 0x00000000d7300000)
  object space 90624K, 20% used [0x0000000085800000,0x0000000086a26ba8,0x000000008b080000)
 Metaspace       used 27229K, capacity 28056K, committed 28288K, reserved 1073152K
  class space    used 3437K, capacity 3645K, committed 3712K, reserved 1048576K
Event: 21.805 GC heap after
Heap after GC invocations=6 (full 1):
 PSYoungGen      total 67072K, used 5111K [0x00000000d7300000, 0x00000000e2580000, 0x0000000100000000)
  eden space 61952K, 0% used [0x00000000d7300000,0x00000000d7300000,0x00000000daf80000)
  from space 5120K, 99% used [0x00000000daf80000,0x00000000db47de98,0x00000000db480000)
  to   space 36864K, 0% used [0x00000000e0180000,0x00000000e0180000,0x00000000e2580000)
 ParOldGen       total 90624K, used 29658K [0x0000000085800000, 0x000000008b080000, 0x00000000d7300000)
  object space 90624K, 32% used [0x0000000085800000,0x00000000874f6948,0x000000008b080000)
 Metaspace       used 27229K, capacity 28056K, committed 28288K, reserved 1073152K
  class space    used 3437K, capacity 3645K, committed 3712K, reserved 1048576K
}

