# JRE version: Java(TM) SE Runtime Environment (17.0.12+8) (build 17.0.12+8-LTS-286)
# Java VM: Java HotSpot(TM) 64-Bit Server VM (17.0.12+8-LTS-286, mixed mode, sharing, tiered, compressed oops, compressed class ptrs, g1 gc, windows-amd64)
GC Precious Log:
 CPUs: 14 total, 14 available
 Memory: 7832M
 Large Page Support: Disabled
 NUMA Support: Disabled
 Compressed Oops: Enabled (32-bit)
 Heap Region Size: 1M
 Heap Min Capacity: 8M
 Heap Initial Capacity: 124M
 Heap Max Capacity: 1960M
 Pre-touch: Disabled
 Parallel Workers: 11
 Concurrent Workers: 3
 Concurrent Refinement Workers: 11
 Periodic GC: Disabled
Heap:
 garbage-first heap   total 75776K, used 53389K [0x0000000085800000, 0x0000000100000000)
  region size 1024K, 9 young (9216K), 1 survivors (1024K)
 Metaspace       used 24816K, committed 25152K, reserved 1114112K
  class space    used 2895K, committed 3072K, reserved 1048576K
GC Heap History (12 events):
Event: 0.578 GC heap before
{Heap before GC invocations=0 (full 0):
 garbage-first heap   total 126976K, used 22528K [0x0000000085800000, 0x0000000100000000)
  region size 1024K, 23 young (23552K), 0 survivors (0K)
 Metaspace       used 10805K, committed 11008K, reserved 1114112K
  class space    used 1210K, committed 1280K, reserved 1048576K
}
Event: 0.584 GC heap after
{Heap after GC invocations=1 (full 0):
 garbage-first heap   total 126976K, used 5516K [0x0000000085800000, 0x0000000100000000)
  region size 1024K, 3 young (3072K), 3 survivors (3072K)
 Metaspace       used 10805K, committed 11008K, reserved 1114112K
  class space    used 1210K, committed 1280K, reserved 1048576K
}
Event: 7.308 GC heap before
{Heap before GC invocations=1 (full 0):
 garbage-first heap   total 126976K, used 45452K [0x0000000085800000, 0x0000000100000000)
  region size 1024K, 26 young (26624K), 3 survivors (3072K)
 Metaspace       used 19611K, committed 19840K, reserved 1114112K
  class space    used 2253K, committed 2368K, reserved 1048576K
}
Event: 7.314 GC heap after
{Heap after GC invocations=2 (full 0):
 garbage-first heap   total 126976K, used 26453K [0x0000000085800000, 0x0000000100000000)
  region size 1024K, 4 young (4096K), 4 survivors (4096K)
 Metaspace       used 19611K, committed 19840K, reserved 1114112K
  class space    used 2253K, committed 2368K, reserved 1048576K
}
Event: 7.515 GC heap before
{Heap before GC invocations=2 (full 0):
 garbage-first heap   total 126976K, used 44885K [0x0000000085800000, 0x0000000100000000)
  region size 1024K, 23 young (23552K), 4 survivors (4096K)
 Metaspace       used 21196K, committed 21504K, reserved 1114112K
  class space    used 2438K, committed 2624K, reserved 1048576K
}
Event: 7.518 GC heap after
{Heap after GC invocations=3 (full 0):
 garbage-first heap   total 126976K, used 21315K [0x0000000085800000, 0x0000000100000000)
  region size 1024K, 1 young (1024K), 1 survivors (1024K)
 Metaspace       used 21196K, committed 21504K, reserved 1114112K
  class space    used 2438K, committed 2624K, reserved 1048576K
}
Event: 12.779 GC heap before
{Heap before GC invocations=4 (full 0):
 garbage-first heap   total 75776K, used 64323K [0x0000000085800000, 0x0000000100000000)
  region size 1024K, 31 young (31744K), 1 survivors (1024K)
 Metaspace       used 24193K, committed 24448K, reserved 1114112K
  class space    used 2828K, committed 2944K, reserved 1048576K
}
Event: 12.783 GC heap after
{Heap after GC invocations=5 (full 0):
 garbage-first heap   total 75776K, used 36264K [0x0000000085800000, 0x0000000100000000)
  region size 1024K, 3 young (3072K), 3 survivors (3072K)
 Metaspace       used 24193K, committed 24448K, reserved 1114112K
  class space    used 2828K, committed 2944K, reserved 1048576K
}
Event: 12.789 GC heap before
{Heap before GC invocations=5 (full 0):
 garbage-first heap   total 75776K, used 37288K [0x0000000085800000, 0x0000000100000000)
  region size 1024K, 4 young (4096K), 3 survivors (3072K)
 Metaspace       used 24197K, committed 24448K, reserved 1114112K
  class space    used 2828K, committed 2944K, reserved 1048576K
}
Event: 12.793 GC heap after
{Heap after GC invocations=6 (full 0):
 garbage-first heap   total 75776K, used 34050K [0x0000000085800000, 0x0000000100000000)
  region size 1024K, 1 young (1024K), 1 survivors (1024K)
 Metaspace       used 24197K, committed 24448K, reserved 1114112K
  class space    used 2828K, committed 2944K, reserved 1048576K
}
Event: 12.881 GC heap before
{Heap before GC invocations=6 (full 0):
 garbage-first heap   total 75776K, used 55554K [0x0000000085800000, 0x0000000100000000)
  region size 1024K, 22 young (22528K), 1 survivors (1024K)
 Metaspace       used 24211K, committed 24448K, reserved 1114112K
  class space    used 2829K, committed 2944K, reserved 1048576K
}
Event: 12.883 GC heap after
{Heap after GC invocations=7 (full 0):
 garbage-first heap   total 75776K, used 33933K [0x0000000085800000, 0x0000000100000000)
  region size 1024K, 1 young (1024K), 1 survivors (1024K)
 Metaspace       used 24211K, committed 24448K, reserved 1114112K
  class space    used 2829K, committed 2944K, reserved 1048576K
}

