# JRE version: Java(TM) SE Runtime Environment (8.0_202-b08) (build 1.8.0_202-b08)
# Java VM: Java HotSpot(TM) 64-Bit Server VM (25.202-b08 mixed mode windows-amd64 compressed oops)
Heap:
 PSYoungGen      total 52224K, used 17790K [0x00000000d7300000, 0x00000000e1500000, 0x0000000100000000)
  eden space 47104K, 26% used [0x00000000d7300000,0x00000000d7f61630,0x00000000da100000)
  from space 5120K, 99% used [0x00000000da100000,0x00000000da5fe4f8,0x00000000da600000)
  to   space 51200K, 0% used [0x00000000de300000,0x00000000de300000,0x00000000e1500000)
 ParOldGen       total 104960K, used 45438K [0x0000000085800000, 0x000000008be80000, 0x00000000d7300000)
  object space 104960K, 43% used [0x0000000085800000,0x000000008845f968,0x000000008be80000)
 Metaspace       used 27778K, capacity 28726K, committed 28928K, reserved 1075200K
  class space    used 3502K, capacity 3754K, committed 3840K, reserved 1048576K
GC Heap History (10 events):
Event: 2.919 GC heap before
{Heap before GC invocations=2 (full 0):
 PSYoungGen      total 36864K, used 36855K [0x00000000d7300000, 0x00000000d9c00000, 0x0000000100000000)
  eden space 31744K, 100% used [0x00000000d7300000,0x00000000d9200000,0x00000000d9200000)
  from space 5120K, 99% used [0x00000000d9200000,0x00000000d96fdf40,0x00000000d9700000)
  to   space 5120K, 0% used [0x00000000d9700000,0x00000000d9700000,0x00000000d9c00000)
 ParOldGen       total 84992K, used 15696K [0x0000000085800000, 0x000000008ab00000, 0x00000000d7300000)
  object space 84992K, 18% used [0x0000000085800000,0x0000000086754280,0x000000008ab00000)
 Metaspace       used 20470K, capacity 21028K, committed 21248K, reserved 1067008K
  class space    used 2542K, capacity 2705K, committed 2816K, reserved 1048576K
Event: 2.944 GC heap after
Heap after GC invocations=2 (full 0):
 PSYoungGen      total 36864K, used 5102K [0x00000000d7300000, 0x00000000d9c00000, 0x0000000100000000)
  eden space 31744K, 0% used [0x00000000d7300000,0x00000000d7300000,0x00000000d9200000)
  from space 5120K, 99% used [0x00000000d9700000,0x00000000d9bfb9e0,0x00000000d9c00000)
  to   space 5120K, 0% used [0x00000000d9200000,0x00000000d9200000,0x00000000d9700000)
 ParOldGen       total 84992K, used 51414K [0x0000000085800000, 0x000000008ab00000, 0x00000000d7300000)
  object space 84992K, 60% used [0x0000000085800000,0x0000000088a35a00,0x000000008ab00000)
 Metaspace       used 20470K, capacity 21028K, committed 21248K, reserved 1067008K
  class space    used 2542K, capacity 2705K, committed 2816K, reserved 1048576K
}
Event: 2.944 GC heap before
{Heap before GC invocations=3 (full 1):
 PSYoungGen      total 36864K, used 5102K [0x00000000d7300000, 0x00000000d9c00000, 0x0000000100000000)
  eden space 31744K, 0% used [0x00000000d7300000,0x00000000d7300000,0x00000000d9200000)
  from space 5120K, 99% used [0x00000000d9700000,0x00000000d9bfb9e0,0x00000000d9c00000)
  to   space 5120K, 0% used [0x00000000d9200000,0x00000000d9200000,0x00000000d9700000)
 ParOldGen       total 84992K, used 51414K [0x0000000085800000, 0x000000008ab00000, 0x00000000d7300000)
  object space 84992K, 60% used [0x0000000085800000,0x0000000088a35a00,0x000000008ab00000)
 Metaspace       used 20470K, capacity 21028K, committed 21248K, reserved 1067008K
  class space    used 2542K, capacity 2705K, committed 2816K, reserved 1048576K
Event: 2.966 GC heap after
Heap after GC invocations=3 (full 1):
 PSYoungGen      total 36864K, used 0K [0x00000000d7300000, 0x00000000d9c00000, 0x0000000100000000)
  eden space 31744K, 0% used [0x00000000d7300000,0x00000000d7300000,0x00000000d9200000)
  from space 5120K, 0% used [0x00000000d9700000,0x00000000d9700000,0x00000000d9c00000)
  to   space 5120K, 0% used [0x00000000d9200000,0x00000000d9200000,0x00000000d9700000)
 ParOldGen       total 104960K, used 18399K [0x0000000085800000, 0x000000008be80000, 0x00000000d7300000)
  object space 104960K, 17% used [0x0000000085800000,0x00000000869f7de0,0x000000008be80000)
 Metaspace       used 20470K, capacity 21028K, committed 21248K, reserved 1067008K
  class space    used 2542K, capacity 2705K, committed 2816K, reserved 1048576K
}
Event: 7.643 GC heap before
{Heap before GC invocations=4 (full 1):
 PSYoungGen      total 36864K, used 31744K [0x00000000d7300000, 0x00000000d9c00000, 0x0000000100000000)
  eden space 31744K, 100% used [0x00000000d7300000,0x00000000d9200000,0x00000000d9200000)
  from space 5120K, 0% used [0x00000000d9700000,0x00000000d9700000,0x00000000d9c00000)
  to   space 5120K, 0% used [0x00000000d9200000,0x00000000d9200000,0x00000000d9700000)
 ParOldGen       total 104960K, used 18399K [0x0000000085800000, 0x000000008be80000, 0x00000000d7300000)
  object space 104960K, 17% used [0x0000000085800000,0x00000000869f7de0,0x000000008be80000)
 Metaspace       used 23333K, capacity 24002K, committed 24320K, reserved 1071104K
  class space    used 2876K, capacity 3050K, committed 3072K, reserved 1048576K
Event: 7.647 GC heap after
Heap after GC invocations=4 (full 1):
 PSYoungGen      total 36864K, used 3634K [0x00000000d7300000, 0x00000000dab00000, 0x0000000100000000)
  eden space 31744K, 0% used [0x00000000d7300000,0x00000000d7300000,0x00000000d9200000)
  from space 5120K, 70% used [0x00000000d9200000,0x00000000d958c9c0,0x00000000d9700000)
  to   space 5120K, 0% used [0x00000000da600000,0x00000000da600000,0x00000000dab00000)
 ParOldGen       total 104960K, used 18407K [0x0000000085800000, 0x000000008be80000, 0x00000000d7300000)
  object space 104960K, 17% used [0x0000000085800000,0x00000000869f9de0,0x000000008be80000)
 Metaspace       used 23333K, capacity 24002K, committed 24320K, reserved 1071104K
  class space    used 2876K, capacity 3050K, committed 3072K, reserved 1048576K
}
Event: 11.237 GC heap before
{Heap before GC invocations=5 (full 1):
 PSYoungGen      total 36864K, used 35378K [0x00000000d7300000, 0x00000000dab00000, 0x0000000100000000)
  eden space 31744K, 100% used [0x00000000d7300000,0x00000000d9200000,0x00000000d9200000)
  from space 5120K, 70% used [0x00000000d9200000,0x00000000d958c9c0,0x00000000d9700000)
  to   space 5120K, 0% used [0x00000000da600000,0x00000000da600000,0x00000000dab00000)
 ParOldGen       total 104960K, used 18407K [0x0000000085800000, 0x000000008be80000, 0x00000000d7300000)
  object space 104960K, 17% used [0x0000000085800000,0x00000000869f9de0,0x000000008be80000)
 Metaspace       used 27029K, capacity 27860K, committed 28032K, reserved 1073152K
  class space    used 3416K, capacity 3645K, committed 3712K, reserved 1048576K
Event: 11.242 GC heap after
Heap after GC invocations=5 (full 1):
 PSYoungGen      total 50688K, used 5113K [0x00000000d7300000, 0x00000000dab00000, 0x0000000100000000)
  eden space 45568K, 0% used [0x00000000d7300000,0x00000000d7300000,0x00000000d9f80000)
  from space 5120K, 99% used [0x00000000da600000,0x00000000daafe4d8,0x00000000dab00000)
  to   space 5120K, 0% used [0x00000000da100000,0x00000000da100000,0x00000000da600000)
 ParOldGen       total 104960K, used 45320K [0x0000000085800000, 0x000000008be80000, 0x00000000d7300000)
  object space 104960K, 43% used [0x0000000085800000,0x0000000088442228,0x000000008be80000)
 Metaspace       used 27029K, capacity 27860K, committed 28032K, reserved 1073152K
  class space    used 3416K, capacity 3645K, committed 3712K, reserved 1048576K
}
Event: 13.149 GC heap before
{Heap before GC invocations=6 (full 1):
 PSYoungGen      total 50688K, used 47375K [0x00000000d7300000, 0x00000000dab00000, 0x0000000100000000)
  eden space 45568K, 92% used [0x00000000d7300000,0x00000000d9c458f8,0x00000000d9f80000)
  from space 5120K, 99% used [0x00000000da600000,0x00000000daafe4d8,0x00000000dab00000)
  to   space 5120K, 0% used [0x00000000da100000,0x00000000da100000,0x00000000da600000)
 ParOldGen       total 104960K, used 45320K [0x0000000085800000, 0x000000008be80000, 0x00000000d7300000)
  object space 104960K, 43% used [0x0000000085800000,0x0000000088442228,0x000000008be80000)
 Metaspace       used 27320K, capacity 28134K, committed 28288K, reserved 1073152K
  class space    used 3446K, capacity 3648K, committed 3712K, reserved 1048576K
Event: 13.154 GC heap after
Heap after GC invocations=6 (full 1):
 PSYoungGen      total 52224K, used 5113K [0x00000000d7300000, 0x00000000e1500000, 0x0000000100000000)
  eden space 47104K, 0% used [0x00000000d7300000,0x00000000d7300000,0x00000000da100000)
  from space 5120K, 99% used [0x00000000da100000,0x00000000da5fe4f8,0x00000000da600000)
  to   space 51200K, 0% used [0x00000000de300000,0x00000000de300000,0x00000000e1500000)
 ParOldGen       total 104960K, used 45438K [0x0000000085800000, 0x000000008be80000, 0x00000000d7300000)
  object space 104960K, 43% used [0x0000000085800000,0x000000008845f968,0x000000008be80000)
 Metaspace       used 27320K, capacity 28134K, committed 28288K, reserved 1073152K
  class space    used 3446K, capacity 3648K, committed 3712K, reserved 1048576K
}

