# JRE version: Java(TM) SE Runtime Environment (8.0_202-b08) (build 1.8.0_202-b08)
# Java VM: Java HotSpot(TM) 64-Bit Server VM (25.202-b08 mixed mode windows-amd64 compressed oops)
Heap:
 PSYoungGen      total 112640K, used 63240K [0x00000000d7300000, 0x00000000e1280000, 0x0000000100000000)
  eden space 62976K, 91% used [0x00000000d7300000,0x00000000dab357a0,0x00000000db080000)
  from space 49664K, 11% used [0x00000000de200000,0x00000000de78cae8,0x00000000e1280000)
  to   space 50176K, 0% used [0x00000000db080000,0x00000000db080000,0x00000000de180000)
 ParOldGen       total 106496K, used 45402K [0x0000000085800000, 0x000000008c000000, 0x00000000d7300000)
  object space 106496K, 42% used [0x0000000085800000,0x0000000088456ab8,0x000000008c000000)
 Metaspace       used 28156K, capacity 29124K, committed 29440K, reserved 1075200K
  class space    used 3509K, capacity 3767K, committed 3840K, reserved 1048576K
GC Heap History (10 events):
Event: 2.769 GC heap before
{Heap before GC invocations=3 (full 1):
 PSYoungGen      total 36864K, used 5118K [0x00000000d7300000, 0x00000000d9c00000, 0x0000000100000000)
  eden space 31744K, 0% used [0x00000000d7300000,0x00000000d7300000,0x00000000d9200000)
  from space 5120K, 99% used [0x00000000d9700000,0x00000000d9bff8a8,0x00000000d9c00000)
  to   space 5120K, 0% used [0x00000000d9200000,0x00000000d9200000,0x00000000d9700000)
 ParOldGen       total 84992K, used 51669K [0x0000000085800000, 0x000000008ab00000, 0x00000000d7300000)
  object space 84992K, 60% used [0x0000000085800000,0x0000000088a75548,0x000000008ab00000)
 Metaspace       used 20417K, capacity 21020K, committed 21248K, reserved 1067008K
  class space    used 2542K, capacity 2705K, committed 2816K, reserved 1048576K
Event: 2.790 GC heap after
Heap after GC invocations=3 (full 1):
 PSYoungGen      total 36864K, used 0K [0x00000000d7300000, 0x00000000d9c00000, 0x0000000100000000)
  eden space 31744K, 0% used [0x00000000d7300000,0x00000000d7300000,0x00000000d9200000)
  from space 5120K, 0% used [0x00000000d9700000,0x00000000d9700000,0x00000000d9c00000)
  to   space 5120K, 0% used [0x00000000d9200000,0x00000000d9200000,0x00000000d9700000)
 ParOldGen       total 106496K, used 18434K [0x0000000085800000, 0x000000008c000000, 0x00000000d7300000)
  object space 106496K, 17% used [0x0000000085800000,0x0000000086a00880,0x000000008c000000)
 Metaspace       used 20417K, capacity 21020K, committed 21248K, reserved 1067008K
  class space    used 2542K, capacity 2705K, committed 2816K, reserved 1048576K
}
Event: 8.736 GC heap before
{Heap before GC invocations=4 (full 1):
 PSYoungGen      total 36864K, used 31744K [0x00000000d7300000, 0x00000000d9c00000, 0x0000000100000000)
  eden space 31744K, 100% used [0x00000000d7300000,0x00000000d9200000,0x00000000d9200000)
  from space 5120K, 0% used [0x00000000d9700000,0x00000000d9700000,0x00000000d9c00000)
  to   space 5120K, 0% used [0x00000000d9200000,0x00000000d9200000,0x00000000d9700000)
 ParOldGen       total 106496K, used 18434K [0x0000000085800000, 0x000000008c000000, 0x00000000d7300000)
  object space 106496K, 17% used [0x0000000085800000,0x0000000086a00880,0x000000008c000000)
 Metaspace       used 23250K, capacity 23930K, committed 24064K, reserved 1071104K
  class space    used 2875K, capacity 3050K, committed 3072K, reserved 1048576K
Event: 8.742 GC heap after
Heap after GC invocations=4 (full 1):
 PSYoungGen      total 36864K, used 3622K [0x00000000d7300000, 0x00000000daa00000, 0x0000000100000000)
  eden space 31744K, 0% used [0x00000000d7300000,0x00000000d7300000,0x00000000d9200000)
  from space 5120K, 70% used [0x00000000d9200000,0x00000000d9589b18,0x00000000d9700000)
  to   space 5120K, 0% used [0x00000000da500000,0x00000000da500000,0x00000000daa00000)
 ParOldGen       total 106496K, used 18442K [0x0000000085800000, 0x000000008c000000, 0x00000000d7300000)
  object space 106496K, 17% used [0x0000000085800000,0x0000000086a02880,0x000000008c000000)
 Metaspace       used 23250K, capacity 23930K, committed 24064K, reserved 1071104K
  class space    used 2875K, capacity 3050K, committed 3072K, reserved 1048576K
}
Event: 11.999 GC heap before
{Heap before GC invocations=5 (full 1):
 PSYoungGen      total 36864K, used 35366K [0x00000000d7300000, 0x00000000daa00000, 0x0000000100000000)
  eden space 31744K, 100% used [0x00000000d7300000,0x00000000d9200000,0x00000000d9200000)
  from space 5120K, 70% used [0x00000000d9200000,0x00000000d9589b18,0x00000000d9700000)
  to   space 5120K, 0% used [0x00000000da500000,0x00000000da500000,0x00000000daa00000)
 ParOldGen       total 106496K, used 18442K [0x0000000085800000, 0x000000008c000000, 0x00000000d7300000)
  object space 106496K, 17% used [0x0000000085800000,0x0000000086a02880,0x000000008c000000)
 Metaspace       used 27057K, capacity 27916K, committed 28032K, reserved 1073152K
  class space    used 3416K, capacity 3645K, committed 3712K, reserved 1048576K
Event: 12.003 GC heap after
Heap after GC invocations=5 (full 1):
 PSYoungGen      total 49664K, used 5113K [0x00000000d7300000, 0x00000000daa00000, 0x0000000100000000)
  eden space 44544K, 0% used [0x00000000d7300000,0x00000000d7300000,0x00000000d9e80000)
  from space 5120K, 99% used [0x00000000da500000,0x00000000da9fe4d8,0x00000000daa00000)
  to   space 5120K, 0% used [0x00000000da000000,0x00000000da000000,0x00000000da500000)
 ParOldGen       total 106496K, used 45386K [0x0000000085800000, 0x000000008c000000, 0x00000000d7300000)
  object space 106496K, 42% used [0x0000000085800000,0x0000000088452ab8,0x000000008c000000)
 Metaspace       used 27057K, capacity 27916K, committed 28032K, reserved 1073152K
  class space    used 3416K, capacity 3645K, committed 3712K, reserved 1048576K
}
Event: 13.087 GC heap before
{Heap before GC invocations=6 (full 1):
 PSYoungGen      total 49664K, used 49657K [0x00000000d7300000, 0x00000000daa00000, 0x0000000100000000)
  eden space 44544K, 100% used [0x00000000d7300000,0x00000000d9e80000,0x00000000d9e80000)
  from space 5120K, 99% used [0x00000000da500000,0x00000000da9fe4d8,0x00000000daa00000)
  to   space 5120K, 0% used [0x00000000da000000,0x00000000da000000,0x00000000da500000)
 ParOldGen       total 106496K, used 45386K [0x0000000085800000, 0x000000008c000000, 0x00000000d7300000)
  object space 106496K, 42% used [0x0000000085800000,0x0000000088452ab8,0x000000008c000000)
 Metaspace       used 27420K, capacity 28278K, committed 28544K, reserved 1075200K
  class space    used 3448K, capacity 3652K, committed 3712K, reserved 1048576K
Event: 13.092 GC heap after
Heap after GC invocations=6 (full 1):
 PSYoungGen      total 51200K, used 4626K [0x00000000d7300000, 0x00000000e1480000, 0x0000000100000000)
  eden space 46080K, 0% used [0x00000000d7300000,0x00000000d7300000,0x00000000da000000)
  from space 5120K, 90% used [0x00000000da000000,0x00000000da484ac8,0x00000000da500000)
  to   space 51712K, 0% used [0x00000000de200000,0x00000000de200000,0x00000000e1480000)
 ParOldGen       total 106496K, used 45394K [0x0000000085800000, 0x000000008c000000, 0x00000000d7300000)
  object space 106496K, 42% used [0x0000000085800000,0x0000000088454ab8,0x000000008c000000)
 Metaspace       used 27420K, capacity 28278K, committed 28544K, reserved 1075200K
  class space    used 3448K, capacity 3652K, committed 3712K, reserved 1048576K
}
Event: 14.115 GC heap before
{Heap before GC invocations=7 (full 1):
 PSYoungGen      total 51200K, used 50706K [0x00000000d7300000, 0x00000000e1480000, 0x0000000100000000)
  eden space 46080K, 100% used [0x00000000d7300000,0x00000000da000000,0x00000000da000000)
  from space 5120K, 90% used [0x00000000da000000,0x00000000da484ac8,0x00000000da500000)
  to   space 51712K, 0% used [0x00000000de200000,0x00000000de200000,0x00000000e1480000)
 ParOldGen       total 106496K, used 45394K [0x0000000085800000, 0x000000008c000000, 0x00000000d7300000)
  object space 106496K, 42% used [0x0000000085800000,0x0000000088454ab8,0x000000008c000000)
 Metaspace       used 27633K, capacity 28468K, committed 28544K, reserved 1075200K
  class space    used 3453K, capacity 3661K, committed 3712K, reserved 1048576K
Event: 14.118 GC heap after
Heap after GC invocations=7 (full 1):
 PSYoungGen      total 112640K, used 5682K [0x00000000d7300000, 0x00000000e1280000, 0x0000000100000000)
  eden space 62976K, 0% used [0x00000000d7300000,0x00000000d7300000,0x00000000db080000)
  from space 49664K, 11% used [0x00000000de200000,0x00000000de78cae8,0x00000000e1280000)
  to   space 50176K, 0% used [0x00000000db080000,0x00000000db080000,0x00000000de180000)
 ParOldGen       total 106496K, used 45402K [0x0000000085800000, 0x000000008c000000, 0x00000000d7300000)
  object space 106496K, 42% used [0x0000000085800000,0x0000000088456ab8,0x000000008c000000)
 Metaspace       used 27633K, capacity 28468K, committed 28544K, reserved 1075200K
  class space    used 3453K, capacity 3661K, committed 3712K, reserved 1048576K
}

