# JRE version: Java(TM) SE Runtime Environment (8.0_202-b08) (build 1.8.0_202-b08)
# Java VM: Java HotSpot(TM) 64-Bit Server VM (25.202-b08 mixed mode windows-amd64 compressed oops)
Heap:
 PSYoungGen      total 67072K, used 30607K [0x00000000d7300000, 0x00000000e3280000, 0x0000000100000000)
  eden space 61952K, 41% used [0x00000000d7300000,0x00000000d8be9738,0x00000000daf80000)
  from space 5120K, 99% used [0x00000000daf80000,0x00000000db47a4e8,0x00000000db480000)
  to   space 39424K, 0% used [0x00000000e0c00000,0x00000000e0c00000,0x00000000e3280000)
 ParOldGen       total 91648K, used 27732K [0x0000000085800000, 0x000000008b180000, 0x00000000d7300000)
  object space 91648K, 30% used [0x0000000085800000,0x0000000087315318,0x000000008b180000)
 Metaspace       used 27805K, capacity 28718K, committed 28928K, reserved 1075200K
  class space    used 3500K, capacity 3754K, committed 3840K, reserved 1048576K
GC Heap History (10 events):
Event: 2.125 GC heap before
{Heap before GC invocations=2 (full 0):
 PSYoungGen      total 36864K, used 36832K [0x00000000d7300000, 0x00000000d9c00000, 0x0000000100000000)
  eden space 31744K, 100% used [0x00000000d7300000,0x00000000d9200000,0x00000000d9200000)
  from space 5120K, 99% used [0x00000000d9200000,0x00000000d96f8240,0x00000000d9700000)
  to   space 5120K, 0% used [0x00000000d9700000,0x00000000d9700000,0x00000000d9c00000)
 ParOldGen       total 84992K, used 15632K [0x0000000085800000, 0x000000008ab00000, 0x00000000d7300000)
  object space 84992K, 18% used [0x0000000085800000,0x0000000086744080,0x000000008ab00000)
 Metaspace       used 20503K, capacity 21116K, committed 21248K, reserved 1067008K
  class space    used 2570K, capacity 2737K, committed 2816K, reserved 1048576K
Event: 2.135 GC heap after
Heap after GC invocations=2 (full 0):
 PSYoungGen      total 36864K, used 5118K [0x00000000d7300000, 0x00000000d9c00000, 0x0000000100000000)
  eden space 31744K, 0% used [0x00000000d7300000,0x00000000d7300000,0x00000000d9200000)
  from space 5120K, 99% used [0x00000000d9700000,0x00000000d9bff8a8,0x00000000d9c00000)
  to   space 5120K, 0% used [0x00000000d9200000,0x00000000d9200000,0x00000000d9700000)
 ParOldGen       total 84992K, used 46881K [0x0000000085800000, 0x000000008ab00000, 0x00000000d7300000)
  object space 84992K, 55% used [0x0000000085800000,0x00000000885c8600,0x000000008ab00000)
 Metaspace       used 20503K, capacity 21116K, committed 21248K, reserved 1067008K
  class space    used 2570K, capacity 2737K, committed 2816K, reserved 1048576K
}
Event: 2.138 GC heap before
{Heap before GC invocations=3 (full 0):
 PSYoungGen      total 36864K, used 5536K [0x00000000d7300000, 0x00000000d9c00000, 0x0000000100000000)
  eden space 31744K, 1% used [0x00000000d7300000,0x00000000d73688d8,0x00000000d9200000)
  from space 5120K, 99% used [0x00000000d9700000,0x00000000d9bff8a8,0x00000000d9c00000)
  to   space 5120K, 0% used [0x00000000d9200000,0x00000000d9200000,0x00000000d9700000)
 ParOldGen       total 84992K, used 46881K [0x0000000085800000, 0x000000008ab00000, 0x00000000d7300000)
  object space 84992K, 55% used [0x0000000085800000,0x00000000885c8600,0x000000008ab00000)
 Metaspace       used 20549K, capacity 21116K, committed 21248K, reserved 1067008K
  class space    used 2578K, capacity 2737K, committed 2816K, reserved 1048576K
Event: 2.140 GC heap after
Heap after GC invocations=3 (full 0):
 PSYoungGen      total 36864K, used 5102K [0x00000000d7300000, 0x00000000dbb00000, 0x0000000100000000)
  eden space 31744K, 0% used [0x00000000d7300000,0x00000000d7300000,0x00000000d9200000)
  from space 5120K, 99% used [0x00000000d9200000,0x00000000d96fb898,0x00000000d9700000)
  to   space 5120K, 0% used [0x00000000db600000,0x00000000db600000,0x00000000dbb00000)
 ParOldGen       total 84992K, used 47141K [0x0000000085800000, 0x000000008ab00000, 0x00000000d7300000)
  object space 84992K, 55% used [0x0000000085800000,0x00000000886097b8,0x000000008ab00000)
 Metaspace       used 20549K, capacity 21116K, committed 21248K, reserved 1067008K
  class space    used 2578K, capacity 2737K, committed 2816K, reserved 1048576K
}
Event: 2.140 GC heap before
{Heap before GC invocations=4 (full 1):
 PSYoungGen      total 36864K, used 5102K [0x00000000d7300000, 0x00000000dbb00000, 0x0000000100000000)
  eden space 31744K, 0% used [0x00000000d7300000,0x00000000d7300000,0x00000000d9200000)
  from space 5120K, 99% used [0x00000000d9200000,0x00000000d96fb898,0x00000000d9700000)
  to   space 5120K, 0% used [0x00000000db600000,0x00000000db600000,0x00000000dbb00000)
 ParOldGen       total 84992K, used 47141K [0x0000000085800000, 0x000000008ab00000, 0x00000000d7300000)
  object space 84992K, 55% used [0x0000000085800000,0x00000000886097b8,0x000000008ab00000)
 Metaspace       used 20549K, capacity 21116K, committed 21248K, reserved 1067008K
  class space    used 2578K, capacity 2737K, committed 2816K, reserved 1048576K
Event: 2.159 GC heap after
Heap after GC invocations=4 (full 1):
 PSYoungGen      total 36864K, used 0K [0x00000000d7300000, 0x00000000dbb00000, 0x0000000100000000)
  eden space 31744K, 0% used [0x00000000d7300000,0x00000000d7300000,0x00000000d9200000)
  from space 5120K, 0% used [0x00000000d9200000,0x00000000d9200000,0x00000000d9700000)
  to   space 5120K, 0% used [0x00000000db600000,0x00000000db600000,0x00000000dbb00000)
 ParOldGen       total 91648K, used 18576K [0x0000000085800000, 0x000000008b180000, 0x00000000d7300000)
  object space 91648K, 20% used [0x0000000085800000,0x0000000086a241d0,0x000000008b180000)
 Metaspace       used 20549K, capacity 21116K, committed 21248K, reserved 1067008K
  class space    used 2578K, capacity 2737K, committed 2816K, reserved 1048576K
}
Event: 10.232 GC heap before
{Heap before GC invocations=5 (full 1):
 PSYoungGen      total 36864K, used 31744K [0x00000000d7300000, 0x00000000dbb00000, 0x0000000100000000)
  eden space 31744K, 100% used [0x00000000d7300000,0x00000000d9200000,0x00000000d9200000)
  from space 5120K, 0% used [0x00000000d9200000,0x00000000d9200000,0x00000000d9700000)
  to   space 5120K, 0% used [0x00000000db600000,0x00000000db600000,0x00000000dbb00000)
 ParOldGen       total 91648K, used 18576K [0x0000000085800000, 0x000000008b180000, 0x00000000d7300000)
  object space 91648K, 20% used [0x0000000085800000,0x0000000086a241d0,0x000000008b180000)
 Metaspace       used 23266K, capacity 23962K, committed 24192K, reserved 1071104K
  class space    used 2882K, capacity 3082K, committed 3200K, reserved 1048576K
Event: 10.237 GC heap after
Heap after GC invocations=5 (full 1):
 PSYoungGen      total 65024K, used 3387K [0x00000000d7300000, 0x00000000db980000, 0x0000000100000000)
  eden space 61440K, 0% used [0x00000000d7300000,0x00000000d7300000,0x00000000daf00000)
  from space 3584K, 94% used [0x00000000db600000,0x00000000db94ed48,0x00000000db980000)
  to   space 5120K, 0% used [0x00000000daf80000,0x00000000daf80000,0x00000000db480000)
 ParOldGen       total 91648K, used 18584K [0x0000000085800000, 0x000000008b180000, 0x00000000d7300000)
  object space 91648K, 20% used [0x0000000085800000,0x0000000086a261d0,0x000000008b180000)
 Metaspace       used 23266K, capacity 23962K, committed 24192K, reserved 1071104K
  class space    used 2882K, capacity 3082K, committed 3200K, reserved 1048576K
}
Event: 14.062 GC heap before
{Heap before GC invocations=6 (full 1):
 PSYoungGen      total 65024K, used 64827K [0x00000000d7300000, 0x00000000db980000, 0x0000000100000000)
  eden space 61440K, 100% used [0x00000000d7300000,0x00000000daf00000,0x00000000daf00000)
  from space 3584K, 94% used [0x00000000db600000,0x00000000db94ed48,0x00000000db980000)
  to   space 5120K, 0% used [0x00000000daf80000,0x00000000daf80000,0x00000000db480000)
 ParOldGen       total 91648K, used 18584K [0x0000000085800000, 0x000000008b180000, 0x00000000d7300000)
  object space 91648K, 20% used [0x0000000085800000,0x0000000086a261d0,0x000000008b180000)
 Metaspace       used 27202K, capacity 28044K, committed 28288K, reserved 1073152K
  class space    used 3431K, capacity 3645K, committed 3712K, reserved 1048576K
Event: 14.068 GC heap after
Heap after GC invocations=6 (full 1):
 PSYoungGen      total 67072K, used 5097K [0x00000000d7300000, 0x00000000e3280000, 0x0000000100000000)
  eden space 61952K, 0% used [0x00000000d7300000,0x00000000d7300000,0x00000000daf80000)
  from space 5120K, 99% used [0x00000000daf80000,0x00000000db47a4e8,0x00000000db480000)
  to   space 39424K, 0% used [0x00000000e0c00000,0x00000000e0c00000,0x00000000e3280000)
 ParOldGen       total 91648K, used 27732K [0x0000000085800000, 0x000000008b180000, 0x00000000d7300000)
  object space 91648K, 30% used [0x0000000085800000,0x0000000087315318,0x000000008b180000)
 Metaspace       used 27202K, capacity 28044K, committed 28288K, reserved 1073152K
  class space    used 3431K, capacity 3645K, committed 3712K, reserved 1048576K
}

