# JRE version: Java(TM) SE Runtime Environment (8.0_202-b08) (build 1.8.0_202-b08)
# Java VM: Java HotSpot(TM) 64-Bit Server VM (25.202-b08 mixed mode windows-amd64 compressed oops)
Heap:
 PSYoungGen      total 67072K, used 32557K [0x00000000d7300000, 0x00000000e1500000, 0x0000000100000000)
  eden space 61952K, 44% used [0x00000000d7300000,0x00000000d8dd12d8,0x00000000daf80000)
  from space 5120K, 99% used [0x00000000daf80000,0x00000000db47a4e8,0x00000000db480000)
  to   space 26112K, 0% used [0x00000000dfb80000,0x00000000dfb80000,0x00000000e1500000)
 ParOldGen       total 71680K, used 27002K [0x0000000085800000, 0x0000000089e00000, 0x00000000d7300000)
  object space 71680K, 37% used [0x0000000085800000,0x000000008725e9c8,0x0000000089e00000)
 Metaspace       used 27844K, capacity 28730K, committed 28928K, reserved 1075200K
  class space    used 3510K, capacity 3754K, committed 3840K, reserved 1048576K
GC Heap History (10 events):
Event: 3.766 GC heap before
{Heap before GC invocations=2 (full 0):
 PSYoungGen      total 36864K, used 36835K [0x00000000d7300000, 0x00000000dbb00000, 0x0000000100000000)
  eden space 31744K, 100% used [0x00000000d7300000,0x00000000d9200000,0x00000000d9200000)
  from space 5120K, 99% used [0x00000000d9200000,0x00000000d96f8c28,0x00000000d9700000)
  to   space 5120K, 0% used [0x00000000db600000,0x00000000db600000,0x00000000dbb00000)
 ParOldGen       total 84992K, used 15700K [0x0000000085800000, 0x000000008ab00000, 0x00000000d7300000)
  object space 84992K, 18% used [0x0000000085800000,0x0000000086755128,0x000000008ab00000)
 Metaspace       used 20456K, capacity 21032K, committed 21248K, reserved 1067008K
  class space    used 2543K, capacity 2705K, committed 2816K, reserved 1048576K
Event: 3.775 GC heap after
Heap after GC invocations=2 (full 0):
 PSYoungGen      total 36864K, used 5096K [0x00000000d7300000, 0x00000000dbb00000, 0x0000000100000000)
  eden space 31744K, 0% used [0x00000000d7300000,0x00000000d7300000,0x00000000d9200000)
  from space 5120K, 99% used [0x00000000db600000,0x00000000dbafa3a8,0x00000000dbb00000)
  to   space 5120K, 0% used [0x00000000d9200000,0x00000000d9200000,0x00000000d9700000)
 ParOldGen       total 84992K, used 29182K [0x0000000085800000, 0x000000008ab00000, 0x00000000d7300000)
  object space 84992K, 34% used [0x0000000085800000,0x000000008747f808,0x000000008ab00000)
 Metaspace       used 20456K, capacity 21032K, committed 21248K, reserved 1067008K
  class space    used 2543K, capacity 2705K, committed 2816K, reserved 1048576K
}
Event: 3.787 GC heap before
{Heap before GC invocations=3 (full 0):
 PSYoungGen      total 36864K, used 6130K [0x00000000d7300000, 0x00000000dbb00000, 0x0000000100000000)
  eden space 31744K, 3% used [0x00000000d7300000,0x00000000d7402678,0x00000000d9200000)
  from space 5120K, 99% used [0x00000000db600000,0x00000000dbafa3a8,0x00000000dbb00000)
  to   space 5120K, 0% used [0x00000000d9200000,0x00000000d9200000,0x00000000d9700000)
 ParOldGen       total 84992K, used 29182K [0x0000000085800000, 0x000000008ab00000, 0x00000000d7300000)
  object space 84992K, 34% used [0x0000000085800000,0x000000008747f808,0x000000008ab00000)
 Metaspace       used 20556K, capacity 21128K, committed 21248K, reserved 1067008K
  class space    used 2564K, capacity 2737K, committed 2816K, reserved 1048576K
Event: 3.790 GC heap after
Heap after GC invocations=3 (full 0):
 PSYoungGen      total 36864K, used 5096K [0x00000000d7300000, 0x00000000dbb00000, 0x0000000100000000)
  eden space 31744K, 0% used [0x00000000d7300000,0x00000000d7300000,0x00000000d9200000)
  from space 5120K, 99% used [0x00000000d9200000,0x00000000d96fa3a8,0x00000000d9700000)
  to   space 5120K, 0% used [0x00000000db600000,0x00000000db600000,0x00000000dbb00000)
 ParOldGen       total 84992K, used 29218K [0x0000000085800000, 0x000000008ab00000, 0x00000000d7300000)
  object space 84992K, 34% used [0x0000000085800000,0x0000000087488b38,0x000000008ab00000)
 Metaspace       used 20556K, capacity 21128K, committed 21248K, reserved 1067008K
  class space    used 2564K, capacity 2737K, committed 2816K, reserved 1048576K
}
Event: 3.790 GC heap before
{Heap before GC invocations=4 (full 1):
 PSYoungGen      total 36864K, used 5096K [0x00000000d7300000, 0x00000000dbb00000, 0x0000000100000000)
  eden space 31744K, 0% used [0x00000000d7300000,0x00000000d7300000,0x00000000d9200000)
  from space 5120K, 99% used [0x00000000d9200000,0x00000000d96fa3a8,0x00000000d9700000)
  to   space 5120K, 0% used [0x00000000db600000,0x00000000db600000,0x00000000dbb00000)
 ParOldGen       total 84992K, used 29218K [0x0000000085800000, 0x000000008ab00000, 0x00000000d7300000)
  object space 84992K, 34% used [0x0000000085800000,0x0000000087488b38,0x000000008ab00000)
 Metaspace       used 20556K, capacity 21128K, committed 21248K, reserved 1067008K
  class space    used 2564K, capacity 2737K, committed 2816K, reserved 1048576K
Event: 3.811 GC heap after
Heap after GC invocations=4 (full 1):
 PSYoungGen      total 36864K, used 0K [0x00000000d7300000, 0x00000000dbb00000, 0x0000000100000000)
  eden space 31744K, 0% used [0x00000000d7300000,0x00000000d7300000,0x00000000d9200000)
  from space 5120K, 0% used [0x00000000d9200000,0x00000000d9200000,0x00000000d9700000)
  to   space 5120K, 0% used [0x00000000db600000,0x00000000db600000,0x00000000dbb00000)
 ParOldGen       total 71680K, used 16741K [0x0000000085800000, 0x0000000089e00000, 0x00000000d7300000)
  object space 71680K, 23% used [0x0000000085800000,0x00000000868597e0,0x0000000089e00000)
 Metaspace       used 20556K, capacity 21128K, committed 21248K, reserved 1067008K
  class space    used 2564K, capacity 2737K, committed 2816K, reserved 1048576K
}
Event: 9.973 GC heap before
{Heap before GC invocations=5 (full 1):
 PSYoungGen      total 36864K, used 31744K [0x00000000d7300000, 0x00000000dbb00000, 0x0000000100000000)
  eden space 31744K, 100% used [0x00000000d7300000,0x00000000d9200000,0x00000000d9200000)
  from space 5120K, 0% used [0x00000000d9200000,0x00000000d9200000,0x00000000d9700000)
  to   space 5120K, 0% used [0x00000000db600000,0x00000000db600000,0x00000000dbb00000)
 ParOldGen       total 71680K, used 16741K [0x0000000085800000, 0x0000000089e00000, 0x00000000d7300000)
  object space 71680K, 23% used [0x0000000085800000,0x00000000868597e0,0x0000000089e00000)
 Metaspace       used 23289K, capacity 23974K, committed 24192K, reserved 1071104K
  class space    used 2882K, capacity 3082K, committed 3200K, reserved 1048576K
Event: 9.977 GC heap after
Heap after GC invocations=5 (full 1):
 PSYoungGen      total 64000K, used 3506K [0x00000000d7300000, 0x00000000db980000, 0x0000000100000000)
  eden space 60416K, 0% used [0x00000000d7300000,0x00000000d7300000,0x00000000dae00000)
  from space 3584K, 97% used [0x00000000db600000,0x00000000db96c9c0,0x00000000db980000)
  to   space 5120K, 0% used [0x00000000daf80000,0x00000000daf80000,0x00000000db480000)
 ParOldGen       total 71680K, used 16749K [0x0000000085800000, 0x0000000089e00000, 0x00000000d7300000)
  object space 71680K, 23% used [0x0000000085800000,0x000000008685b7e0,0x0000000089e00000)
 Metaspace       used 23289K, capacity 23974K, committed 24192K, reserved 1071104K
  class space    used 2882K, capacity 3082K, committed 3200K, reserved 1048576K
}
Event: 15.457 GC heap before
{Heap before GC invocations=6 (full 1):
 PSYoungGen      total 64000K, used 63922K [0x00000000d7300000, 0x00000000db980000, 0x0000000100000000)
  eden space 60416K, 100% used [0x00000000d7300000,0x00000000dae00000,0x00000000dae00000)
  from space 3584K, 97% used [0x00000000db600000,0x00000000db96c9c0,0x00000000db980000)
  to   space 5120K, 0% used [0x00000000daf80000,0x00000000daf80000,0x00000000db480000)
 ParOldGen       total 71680K, used 16749K [0x0000000085800000, 0x0000000089e00000, 0x00000000d7300000)
  object space 71680K, 23% used [0x0000000085800000,0x000000008685b7e0,0x0000000089e00000)
 Metaspace       used 27192K, capacity 27992K, committed 28288K, reserved 1073152K
  class space    used 3436K, capacity 3645K, committed 3712K, reserved 1048576K
Event: 15.464 GC heap after
Heap after GC invocations=6 (full 1):
 PSYoungGen      total 67072K, used 5097K [0x00000000d7300000, 0x00000000e1500000, 0x0000000100000000)
  eden space 61952K, 0% used [0x00000000d7300000,0x00000000d7300000,0x00000000daf80000)
  from space 5120K, 99% used [0x00000000daf80000,0x00000000db47a4e8,0x00000000db480000)
  to   space 26112K, 0% used [0x00000000dfb80000,0x00000000dfb80000,0x00000000e1500000)
 ParOldGen       total 71680K, used 27002K [0x0000000085800000, 0x0000000089e00000, 0x00000000d7300000)
  object space 71680K, 37% used [0x0000000085800000,0x000000008725e9c8,0x0000000089e00000)
 Metaspace       used 27192K, capacity 27992K, committed 28288K, reserved 1073152K
  class space    used 3436K, capacity 3645K, committed 3712K, reserved 1048576K
}

