# JRE version: Java(TM) SE Runtime Environment (8.0_202-b08) (build 1.8.0_202-b08)
# Java VM: Java HotSpot(TM) 64-Bit Server VM (25.202-b08 mixed mode windows-amd64 compressed oops)
Heap:
 PSYoungGen      total 36352K, used 27911K [0x00000000d7300000, 0x00000000df680000, 0x0000000100000000)
  eden space 31232K, 75% used [0x00000000d7300000,0x00000000d89f0b28,0x00000000d9180000)
  from space 5120K, 86% used [0x00000000d9200000,0x00000000d9651118,0x00000000d9700000)
  to   space 51712K, 0% used [0x00000000dc400000,0x00000000dc400000,0x00000000df680000)
 ParOldGen       total 104960K, used 45504K [0x0000000085800000, 0x000000008be80000, 0x00000000d7300000)
  object space 104960K, 43% used [0x0000000085800000,0x00000000884700c0,0x000000008be80000)
 Metaspace       used 27834K, capacity 28726K, committed 28928K, reserved 1075200K
  class space    used 3510K, capacity 3754K, committed 3840K, reserved 1048576K
GC Heap History (10 events):
Event: 4.402 GC heap before
{Heap before GC invocations=2 (full 0):
 PSYoungGen      total 36864K, used 36856K [0x00000000d7300000, 0x00000000dbb00000, 0x0000000100000000)
  eden space 31744K, 99% used [0x00000000d7300000,0x00000000d91fe390,0x00000000d9200000)
  from space 5120K, 99% used [0x00000000d9200000,0x00000000d96fff20,0x00000000d9700000)
  to   space 5120K, 0% used [0x00000000db600000,0x00000000db600000,0x00000000dbb00000)
 ParOldGen       total 84992K, used 15675K [0x0000000085800000, 0x000000008ab00000, 0x00000000d7300000)
  object space 84992K, 18% used [0x0000000085800000,0x000000008674ed70,0x000000008ab00000)
 Metaspace       used 20554K, capacity 21124K, committed 21248K, reserved 1067008K
  class space    used 2568K, capacity 2737K, committed 2816K, reserved 1048576K
Event: 4.409 GC heap after
Heap after GC invocations=2 (full 0):
 PSYoungGen      total 36864K, used 5118K [0x00000000d7300000, 0x00000000dbb00000, 0x0000000100000000)
  eden space 31744K, 0% used [0x00000000d7300000,0x00000000d7300000,0x00000000d9200000)
  from space 5120K, 99% used [0x00000000db600000,0x00000000dbaff8c8,0x00000000dbb00000)
  to   space 5120K, 0% used [0x00000000d9200000,0x00000000d9200000,0x00000000d9700000)
 ParOldGen       total 84992K, used 51280K [0x0000000085800000, 0x000000008ab00000, 0x00000000d7300000)
  object space 84992K, 60% used [0x0000000085800000,0x0000000088a14090,0x000000008ab00000)
 Metaspace       used 20554K, capacity 21124K, committed 21248K, reserved 1067008K
  class space    used 2568K, capacity 2737K, committed 2816K, reserved 1048576K
}
Event: 4.409 GC heap before
{Heap before GC invocations=3 (full 1):
 PSYoungGen      total 36864K, used 5118K [0x00000000d7300000, 0x00000000dbb00000, 0x0000000100000000)
  eden space 31744K, 0% used [0x00000000d7300000,0x00000000d7300000,0x00000000d9200000)
  from space 5120K, 99% used [0x00000000db600000,0x00000000dbaff8c8,0x00000000dbb00000)
  to   space 5120K, 0% used [0x00000000d9200000,0x00000000d9200000,0x00000000d9700000)
 ParOldGen       total 84992K, used 51280K [0x0000000085800000, 0x000000008ab00000, 0x00000000d7300000)
  object space 84992K, 60% used [0x0000000085800000,0x0000000088a14090,0x000000008ab00000)
 Metaspace       used 20554K, capacity 21124K, committed 21248K, reserved 1067008K
  class space    used 2568K, capacity 2737K, committed 2816K, reserved 1048576K
Event: 4.428 GC heap after
Heap after GC invocations=3 (full 1):
 PSYoungGen      total 36864K, used 0K [0x00000000d7300000, 0x00000000dbb00000, 0x0000000100000000)
  eden space 31744K, 0% used [0x00000000d7300000,0x00000000d7300000,0x00000000d9200000)
  from space 5120K, 0% used [0x00000000db600000,0x00000000db600000,0x00000000dbb00000)
  to   space 5120K, 0% used [0x00000000d9200000,0x00000000d9200000,0x00000000d9700000)
 ParOldGen       total 104960K, used 18482K [0x0000000085800000, 0x000000008be80000, 0x00000000d7300000)
  object space 104960K, 17% used [0x0000000085800000,0x0000000086a0c868,0x000000008be80000)
 Metaspace       used 20554K, capacity 21124K, committed 21248K, reserved 1067008K
  class space    used 2568K, capacity 2737K, committed 2816K, reserved 1048576K
}
Event: 8.931 GC heap before
{Heap before GC invocations=4 (full 1):
 PSYoungGen      total 36864K, used 31744K [0x00000000d7300000, 0x00000000dbb00000, 0x0000000100000000)
  eden space 31744K, 100% used [0x00000000d7300000,0x00000000d9200000,0x00000000d9200000)
  from space 5120K, 0% used [0x00000000db600000,0x00000000db600000,0x00000000dbb00000)
  to   space 5120K, 0% used [0x00000000d9200000,0x00000000d9200000,0x00000000d9700000)
 ParOldGen       total 104960K, used 18482K [0x0000000085800000, 0x000000008be80000, 0x00000000d7300000)
  object space 104960K, 17% used [0x0000000085800000,0x0000000086a0c868,0x000000008be80000)
 Metaspace       used 23342K, capacity 24066K, committed 24448K, reserved 1071104K
  class space    used 2888K, capacity 3114K, committed 3200K, reserved 1048576K
Event: 8.934 GC heap after
Heap after GC invocations=4 (full 1):
 PSYoungGen      total 36864K, used 3660K [0x00000000d7300000, 0x00000000db680000, 0x0000000100000000)
  eden space 31744K, 0% used [0x00000000d7300000,0x00000000d7300000,0x00000000d9200000)
  from space 5120K, 71% used [0x00000000d9200000,0x00000000d9593038,0x00000000d9700000)
  to   space 5120K, 0% used [0x00000000db180000,0x00000000db180000,0x00000000db680000)
 ParOldGen       total 104960K, used 18490K [0x0000000085800000, 0x000000008be80000, 0x00000000d7300000)
  object space 104960K, 17% used [0x0000000085800000,0x0000000086a0e868,0x000000008be80000)
 Metaspace       used 23342K, capacity 24066K, committed 24448K, reserved 1071104K
  class space    used 2888K, capacity 3114K, committed 3200K, reserved 1048576K
}
Event: 13.063 GC heap before
{Heap before GC invocations=5 (full 1):
 PSYoungGen      total 36864K, used 35404K [0x00000000d7300000, 0x00000000db680000, 0x0000000100000000)
  eden space 31744K, 100% used [0x00000000d7300000,0x00000000d9200000,0x00000000d9200000)
  from space 5120K, 71% used [0x00000000d9200000,0x00000000d9593038,0x00000000d9700000)
  to   space 5120K, 0% used [0x00000000db180000,0x00000000db180000,0x00000000db680000)
 ParOldGen       total 104960K, used 18490K [0x0000000085800000, 0x000000008be80000, 0x00000000d7300000)
  object space 104960K, 17% used [0x0000000085800000,0x0000000086a0e868,0x000000008be80000)
 Metaspace       used 27030K, capacity 27860K, committed 28032K, reserved 1073152K
  class space    used 3423K, capacity 3645K, committed 3712K, reserved 1048576K
Event: 13.068 GC heap after
Heap after GC invocations=5 (full 1):
 PSYoungGen      total 36864K, used 5098K [0x00000000d7300000, 0x00000000db680000, 0x0000000100000000)
  eden space 31744K, 0% used [0x00000000d7300000,0x00000000d7300000,0x00000000d9200000)
  from space 5120K, 99% used [0x00000000db180000,0x00000000db67ab28,0x00000000db680000)
  to   space 5120K, 0% used [0x00000000d9200000,0x00000000d9200000,0x00000000d9700000)
 ParOldGen       total 104960K, used 45496K [0x0000000085800000, 0x000000008be80000, 0x00000000d7300000)
  object space 104960K, 43% used [0x0000000085800000,0x000000008846e0c0,0x000000008be80000)
 Metaspace       used 27030K, capacity 27860K, committed 28032K, reserved 1073152K
  class space    used 3423K, capacity 3645K, committed 3712K, reserved 1048576K
}
Event: 13.855 GC heap before
{Heap before GC invocations=6 (full 1):
 PSYoungGen      total 36864K, used 36842K [0x00000000d7300000, 0x00000000db680000, 0x0000000100000000)
  eden space 31744K, 100% used [0x00000000d7300000,0x00000000d9200000,0x00000000d9200000)
  from space 5120K, 99% used [0x00000000db180000,0x00000000db67ab28,0x00000000db680000)
  to   space 5120K, 0% used [0x00000000d9200000,0x00000000d9200000,0x00000000d9700000)
 ParOldGen       total 104960K, used 45496K [0x0000000085800000, 0x000000008be80000, 0x00000000d7300000)
  object space 104960K, 43% used [0x0000000085800000,0x000000008846e0c0,0x000000008be80000)
 Metaspace       used 27180K, capacity 27988K, committed 28288K, reserved 1073152K
  class space    used 3436K, capacity 3645K, committed 3712K, reserved 1048576K
Event: 13.858 GC heap after
Heap after GC invocations=6 (full 1):
 PSYoungGen      total 36352K, used 4420K [0x00000000d7300000, 0x00000000df680000, 0x0000000100000000)
  eden space 31232K, 0% used [0x00000000d7300000,0x00000000d7300000,0x00000000d9180000)
  from space 5120K, 86% used [0x00000000d9200000,0x00000000d9651118,0x00000000d9700000)
  to   space 51712K, 0% used [0x00000000dc400000,0x00000000dc400000,0x00000000df680000)
 ParOldGen       total 104960K, used 45504K [0x0000000085800000, 0x000000008be80000, 0x00000000d7300000)
  object space 104960K, 43% used [0x0000000085800000,0x00000000884700c0,0x000000008be80000)
 Metaspace       used 27180K, capacity 27988K, committed 28288K, reserved 1073152K
  class space    used 3436K, capacity 3645K, committed 3712K, reserved 1048576K
}

