# JRE version: Java(TM) SE Runtime Environment (8.0_202-b08) (build 1.8.0_202-b08)
# Java VM: Java HotSpot(TM) 64-Bit Server VM (25.202-b08 mixed mode windows-amd64 compressed oops)
Heap:
 PSYoungGen      total 48640K, used 29487K [0x00000000d7300000, 0x00000000e0800000, 0x0000000100000000)
  eden space 43520K, 55% used [0x00000000d7300000,0x00000000d8accb70,0x00000000d9d80000)
  from space 5120K, 99% used [0x00000000d9d80000,0x00000000da27f198,0x00000000da280000)
  to   space 49664K, 0% used [0x00000000dd780000,0x00000000dd780000,0x00000000e0800000)
 ParOldGen       total 109056K, used 43516K [0x0000000085800000, 0x000000008c280000, 0x00000000d7300000)
  object space 109056K, 39% used [0x0000000085800000,0x000000008827f3e0,0x000000008c280000)
 Metaspace       used 27950K, capacity 28866K, committed 29184K, reserved 1075200K
  class space    used 3504K, capacity 3756K, committed 3840K, reserved 1048576K
GC Heap History (10 events):
Event: 2.755 GC heap before
{Heap before GC invocations=2 (full 0):
 PSYoungGen      total 36864K, used 36855K [0x00000000d7300000, 0x00000000d9c00000, 0x0000000100000000)
  eden space 31744K, 100% used [0x00000000d7300000,0x00000000d9200000,0x00000000d9200000)
  from space 5120K, 99% used [0x00000000d9200000,0x00000000d96fdf40,0x00000000d9700000)
  to   space 5120K, 0% used [0x00000000d9700000,0x00000000d9700000,0x00000000d9c00000)
 ParOldGen       total 84992K, used 15632K [0x0000000085800000, 0x000000008ab00000, 0x00000000d7300000)
  object space 84992K, 18% used [0x0000000085800000,0x0000000086744080,0x000000008ab00000)
 Metaspace       used 20459K, capacity 21028K, committed 21248K, reserved 1067008K
  class space    used 2546K, capacity 2705K, committed 2816K, reserved 1048576K
Event: 2.766 GC heap after
Heap after GC invocations=2 (full 0):
 PSYoungGen      total 36864K, used 5113K [0x00000000d7300000, 0x00000000d9c00000, 0x0000000100000000)
  eden space 31744K, 0% used [0x00000000d7300000,0x00000000d7300000,0x00000000d9200000)
  from space 5120K, 99% used [0x00000000d9700000,0x00000000d9bfe788,0x00000000d9c00000)
  to   space 5120K, 0% used [0x00000000d9200000,0x00000000d9200000,0x00000000d9700000)
 ParOldGen       total 84992K, used 51228K [0x0000000085800000, 0x000000008ab00000, 0x00000000d7300000)
  object space 84992K, 60% used [0x0000000085800000,0x0000000088a07030,0x000000008ab00000)
 Metaspace       used 20459K, capacity 21028K, committed 21248K, reserved 1067008K
  class space    used 2546K, capacity 2705K, committed 2816K, reserved 1048576K
}
Event: 2.766 GC heap before
{Heap before GC invocations=3 (full 1):
 PSYoungGen      total 36864K, used 5113K [0x00000000d7300000, 0x00000000d9c00000, 0x0000000100000000)
  eden space 31744K, 0% used [0x00000000d7300000,0x00000000d7300000,0x00000000d9200000)
  from space 5120K, 99% used [0x00000000d9700000,0x00000000d9bfe788,0x00000000d9c00000)
  to   space 5120K, 0% used [0x00000000d9200000,0x00000000d9200000,0x00000000d9700000)
 ParOldGen       total 84992K, used 51228K [0x0000000085800000, 0x000000008ab00000, 0x00000000d7300000)
  object space 84992K, 60% used [0x0000000085800000,0x0000000088a07030,0x000000008ab00000)
 Metaspace       used 20459K, capacity 21028K, committed 21248K, reserved 1067008K
  class space    used 2546K, capacity 2705K, committed 2816K, reserved 1048576K
Event: 2.787 GC heap after
Heap after GC invocations=3 (full 1):
 PSYoungGen      total 36864K, used 0K [0x00000000d7300000, 0x00000000d9c00000, 0x0000000100000000)
  eden space 31744K, 0% used [0x00000000d7300000,0x00000000d7300000,0x00000000d9200000)
  from space 5120K, 0% used [0x00000000d9700000,0x00000000d9700000,0x00000000d9c00000)
  to   space 5120K, 0% used [0x00000000d9200000,0x00000000d9200000,0x00000000d9700000)
 ParOldGen       total 109056K, used 18435K [0x0000000085800000, 0x000000008c280000, 0x00000000d7300000)
  object space 109056K, 16% used [0x0000000085800000,0x0000000086a00c98,0x000000008c280000)
 Metaspace       used 20459K, capacity 21028K, committed 21248K, reserved 1067008K
  class space    used 2546K, capacity 2705K, committed 2816K, reserved 1048576K
}
Event: 8.316 GC heap before
{Heap before GC invocations=4 (full 1):
 PSYoungGen      total 36864K, used 31744K [0x00000000d7300000, 0x00000000d9c00000, 0x0000000100000000)
  eden space 31744K, 100% used [0x00000000d7300000,0x00000000d9200000,0x00000000d9200000)
  from space 5120K, 0% used [0x00000000d9700000,0x00000000d9700000,0x00000000d9c00000)
  to   space 5120K, 0% used [0x00000000d9200000,0x00000000d9200000,0x00000000d9700000)
 ParOldGen       total 109056K, used 18435K [0x0000000085800000, 0x000000008c280000, 0x00000000d7300000)
  object space 109056K, 16% used [0x0000000085800000,0x0000000086a00c98,0x000000008c280000)
 Metaspace       used 23307K, capacity 24034K, committed 24448K, reserved 1071104K
  class space    used 2881K, capacity 3082K, committed 3200K, reserved 1048576K
Event: 8.320 GC heap after
Heap after GC invocations=4 (full 1):
 PSYoungGen      total 36864K, used 3622K [0x00000000d7300000, 0x00000000da780000, 0x0000000100000000)
  eden space 31744K, 0% used [0x00000000d7300000,0x00000000d7300000,0x00000000d9200000)
  from space 5120K, 70% used [0x00000000d9200000,0x00000000d9589b18,0x00000000d9700000)
  to   space 5120K, 0% used [0x00000000da280000,0x00000000da280000,0x00000000da780000)
 ParOldGen       total 109056K, used 18443K [0x0000000085800000, 0x000000008c280000, 0x00000000d7300000)
  object space 109056K, 16% used [0x0000000085800000,0x0000000086a02c98,0x000000008c280000)
 Metaspace       used 23307K, capacity 24034K, committed 24448K, reserved 1071104K
  class space    used 2881K, capacity 3082K, committed 3200K, reserved 1048576K
}
Event: 27.823 GC heap before
{Heap before GC invocations=5 (full 1):
 PSYoungGen      total 36864K, used 35366K [0x00000000d7300000, 0x00000000da780000, 0x0000000100000000)
  eden space 31744K, 100% used [0x00000000d7300000,0x00000000d9200000,0x00000000d9200000)
  from space 5120K, 70% used [0x00000000d9200000,0x00000000d9589b18,0x00000000d9700000)
  to   space 5120K, 0% used [0x00000000da280000,0x00000000da280000,0x00000000da780000)
 ParOldGen       total 109056K, used 18443K [0x0000000085800000, 0x000000008c280000, 0x00000000d7300000)
  object space 109056K, 16% used [0x0000000085800000,0x0000000086a02c98,0x000000008c280000)
 Metaspace       used 27035K, capacity 27854K, committed 28032K, reserved 1073152K
  class space    used 3417K, capacity 3644K, committed 3712K, reserved 1048576K
Event: 27.828 GC heap after
Heap after GC invocations=5 (full 1):
 PSYoungGen      total 46592K, used 5113K [0x00000000d7300000, 0x00000000da780000, 0x0000000100000000)
  eden space 41472K, 0% used [0x00000000d7300000,0x00000000d7300000,0x00000000d9b80000)
  from space 5120K, 99% used [0x00000000da280000,0x00000000da77e4d8,0x00000000da780000)
  to   space 5120K, 0% used [0x00000000d9d80000,0x00000000d9d80000,0x00000000da280000)
 ParOldGen       total 109056K, used 43143K [0x0000000085800000, 0x000000008c280000, 0x00000000d7300000)
  object space 109056K, 39% used [0x0000000085800000,0x0000000088221ca0,0x000000008c280000)
 Metaspace       used 27035K, capacity 27854K, committed 28032K, reserved 1073152K
  class space    used 3417K, capacity 3644K, committed 3712K, reserved 1048576K
}
Event: 29.486 GC heap before
{Heap before GC invocations=6 (full 1):
 PSYoungGen      total 46592K, used 45603K [0x00000000d7300000, 0x00000000da780000, 0x0000000100000000)
  eden space 41472K, 97% used [0x00000000d7300000,0x00000000d9a8a948,0x00000000d9b80000)
  from space 5120K, 99% used [0x00000000da280000,0x00000000da77e4d8,0x00000000da780000)
  to   space 5120K, 0% used [0x00000000d9d80000,0x00000000d9d80000,0x00000000da280000)
 ParOldGen       total 109056K, used 43143K [0x0000000085800000, 0x000000008c280000, 0x00000000d7300000)
  object space 109056K, 39% used [0x0000000085800000,0x0000000088221ca0,0x000000008c280000)
 Metaspace       used 27356K, capacity 28134K, committed 28288K, reserved 1073152K
  class space    used 3447K, capacity 3648K, committed 3712K, reserved 1048576K
Event: 29.489 GC heap after
Heap after GC invocations=6 (full 1):
 PSYoungGen      total 48640K, used 5116K [0x00000000d7300000, 0x00000000e0800000, 0x0000000100000000)
  eden space 43520K, 0% used [0x00000000d7300000,0x00000000d7300000,0x00000000d9d80000)
  from space 5120K, 99% used [0x00000000d9d80000,0x00000000da27f198,0x00000000da280000)
  to   space 49664K, 0% used [0x00000000dd780000,0x00000000dd780000,0x00000000e0800000)
 ParOldGen       total 109056K, used 43516K [0x0000000085800000, 0x000000008c280000, 0x00000000d7300000)
  object space 109056K, 39% used [0x0000000085800000,0x000000008827f3e0,0x000000008c280000)
 Metaspace       used 27356K, capacity 28134K, committed 28288K, reserved 1073152K
  class space    used 3447K, capacity 3648K, committed 3712K, reserved 1048576K
}

